build/app/intermediates/manifest_merge_blame_file/debug/manifest-merger-blame-debug-report.txt
1<?xml version="1.0" encoding="utf-8"?>
2<manifest xmlns:android="http://schemas.android.com/apk/res/android"
3    package="com.example.famlynk_version1"
4    android:versionCode="1"
5    android:versionName="1.0.0" >
6
7    <uses-sdk
8        android:minSdkVersion="21"
9        android:targetSdkVersion="33" />
10    <!--
11         The INTERNET permission is required for development. Specifically,
12         the Flutter tool needs it to communicate with the running application
13         to allow setting breakpoints, to provide hot reload, etc.
14    -->
15    <uses-permission android:name="android.permission.INTERNET" />
15-->src\debug\AndroidManifest.xml:6:5-66
15-->src\debug\AndroidManifest.xml:6:22-64
16    <uses-permission android:name="android.permission.WAKE_LOCK" />
16-->[:firebase_messaging] AndroidManifest.xml:10:5-68
16-->[:firebase_messaging] AndroidManifest.xml:10:22-65
17    <uses-permission android:name="android.permission.ACCESS_NETWORK_STATE" /> <!-- Permissions options for the `notification` group -->
17-->[:firebase_messaging] AndroidManifest.xml:11:5-79
17-->[:firebase_messaging] AndroidManifest.xml:11:22-76
18    <uses-permission android:name="android.permission.POST_NOTIFICATIONS" />
18-->[:firebase_messaging] AndroidManifest.xml:13:5-77
18-->[:firebase_messaging] AndroidManifest.xml:13:22-74
19    <uses-permission android:name="android.permission.READ_EXTERNAL_STORAGE" />
19-->[:file_picker] AndroidManifest.xml:9:5-80
19-->[:file_picker] AndroidManifest.xml:9:22-77
20
21    <queries>
21-->[:file_picker] AndroidManifest.xml:11:5-17:15
22        <intent>
22-->[:file_picker] AndroidManifest.xml:12:9-16:18
23            <action android:name="android.intent.action.GET_CONTENT" />
23-->[:file_picker] AndroidManifest.xml:13:13-72
23-->[:file_picker] AndroidManifest.xml:13:21-69
24
25            <data android:mimeType="*/*" />
25-->[:file_picker] AndroidManifest.xml:15:13-44
25-->[:file_picker] AndroidManifest.xml:15:19-41
26        </intent>
27    </queries> <!-- Required by older versions of Google Play services to create IID tokens -->
28    <uses-permission android:name="com.google.android.c2dm.permission.RECEIVE" />
28-->[com.google.firebase:firebase-iid:21.1.0] AndroidManifest.xml:26:5-82
28-->[com.google.firebase:firebase-iid:21.1.0] AndroidManifest.xml:26:22-79
29    <uses-permission android:name="com.google.android.gms.permission.AD_ID" />
29-->[com.google.android.gms:play-services-measurement-api:21.2.2] AndroidManifest.xml:25:5-79
29-->[com.google.android.gms:play-services-measurement-api:21.2.2] AndroidManifest.xml:25:22-76
30    <uses-permission android:name="com.google.android.finsky.permission.BIND_GET_INSTALL_REFERRER_SERVICE" />
30-->[com.google.android.gms:play-services-measurement:21.2.2] AndroidManifest.xml:26:5-110
30-->[com.google.android.gms:play-services-measurement:21.2.2] AndroidManifest.xml:26:22-107
31
32    <permission
32-->[androidx.core:core:1.9.0] AndroidManifest.xml:22:5-24:47
33        android:name="com.example.famlynk_version1.DYNAMIC_RECEIVER_NOT_EXPORTED_PERMISSION"
33-->[androidx.core:core:1.9.0] AndroidManifest.xml:23:9-81
34        android:protectionLevel="signature" />
34-->[androidx.core:core:1.9.0] AndroidManifest.xml:24:9-44
35
36    <uses-permission android:name="com.example.famlynk_version1.DYNAMIC_RECEIVER_NOT_EXPORTED_PERMISSION" />
36-->[androidx.core:core:1.9.0] AndroidManifest.xml:26:5-97
36-->[androidx.core:core:1.9.0] AndroidManifest.xml:26:22-94
37
38    <application
39        android:name="android.app.Application"
40        android:appComponentFactory="androidx.core.app.CoreComponentFactory"
40-->[androidx.core:core:1.9.0] AndroidManifest.xml:28:18-86
41        android:debuggable="true"
42        android:icon="@mipmap/ic_launcher"
43        android:label="famlynk_version1" >
44        <activity
45            android:name="com.example.famlynk_version1.MainActivity"
46            android:configChanges="orientation|keyboardHidden|keyboard|screenSize|smallestScreenSize|locale|layoutDirection|fontScale|screenLayout|density|uiMode"
47            android:exported="true"
48            android:hardwareAccelerated="true"
49            android:launchMode="singleTop"
50            android:theme="@style/LaunchTheme"
51            android:windowSoftInputMode="adjustResize" >
52
53            <!--
54                 Specifies an Android theme to apply to this Activity as soon as
55                 the Android process has started. This theme is visible to the user
56                 while the Flutter UI initializes. After that, this theme continues
57                 to determine the Window background behind the Flutter UI.
58            -->
59            <meta-data
60                android:name="io.flutter.embedding.android.NormalTheme"
61                android:resource="@style/NormalTheme" />
62
63            <intent-filter>
64                <action android:name="android.intent.action.MAIN" />
65
66                <category android:name="android.intent.category.LAUNCHER" />
67            </intent-filter>
68        </activity>
69        <!--
70             Don't delete the meta-data below.
71             This is used by the Flutter tool to generate GeneratedPluginRegistrant.java
72        -->
73        <meta-data
74            android:name="flutterEmbedding"
75            android:value="2" />
76
77        <service
77-->[:cloud_firestore] AndroidManifest.xml:10:9-14:19
78            android:name="com.google.firebase.components.ComponentDiscoveryService"
78-->[:cloud_firestore] AndroidManifest.xml:10:18-89
79            android:directBootAware="true"
79-->[com.google.firebase:firebase-common:20.3.2] AndroidManifest.xml:34:13-43
80            android:exported="false" >
80-->[com.google.firebase:firebase-analytics-ktx:21.2.2] AndroidManifest.xml:10:13-37
81            <meta-data
81-->[:cloud_firestore] AndroidManifest.xml:11:13-13:85
82                android:name="com.google.firebase.components:io.flutter.plugins.firebase.firestore.FlutterFirebaseFirestoreRegistrar"
82-->[:cloud_firestore] AndroidManifest.xml:12:17-134
83                android:value="com.google.firebase.components.ComponentRegistrar" />
83-->[:cloud_firestore] AndroidManifest.xml:13:17-82
84            <meta-data
84-->[:firebase_auth] AndroidManifest.xml:11:13-13:85
85                android:name="com.google.firebase.components:io.flutter.plugins.firebase.auth.FlutterFirebaseAuthRegistrar"
85-->[:firebase_auth] AndroidManifest.xml:12:17-124
86                android:value="com.google.firebase.components.ComponentRegistrar" />
86-->[:firebase_auth] AndroidManifest.xml:13:17-82
87            <meta-data
87-->[:firebase_messaging] AndroidManifest.xml:38:13-40:85
88                android:name="com.google.firebase.components:io.flutter.plugins.firebase.messaging.FlutterFirebaseAppRegistrar"
88-->[:firebase_messaging] AndroidManifest.xml:39:17-128
89                android:value="com.google.firebase.components.ComponentRegistrar" />
89-->[:firebase_messaging] AndroidManifest.xml:40:17-82
90            <meta-data
90-->[:firebase_core] AndroidManifest.xml:11:13-13:85
91                android:name="com.google.firebase.components:io.flutter.plugins.firebase.core.FlutterFirebaseCoreRegistrar"
91-->[:firebase_core] AndroidManifest.xml:12:17-124
92                android:value="com.google.firebase.components.ComponentRegistrar" />
92-->[:firebase_core] AndroidManifest.xml:13:17-82
93            <meta-data
93-->[com.google.firebase:firebase-analytics-ktx:21.2.2] AndroidManifest.xml:11:13-13:85
94                android:name="com.google.firebase.components:com.google.firebase.analytics.ktx.FirebaseAnalyticsKtxRegistrar"
94-->[com.google.firebase:firebase-analytics-ktx:21.2.2] AndroidManifest.xml:12:17-126
95                android:value="com.google.firebase.components.ComponentRegistrar" />
95-->[com.google.firebase:firebase-analytics-ktx:21.2.2] AndroidManifest.xml:13:17-82
96            <meta-data
96-->[com.google.firebase:firebase-common-ktx:20.3.2] AndroidManifest.xml:14:13-16:85
97                android:name="com.google.firebase.components:com.google.firebase.ktx.FirebaseCommonKtxRegistrar"
97-->[com.google.firebase:firebase-common-ktx:20.3.2] AndroidManifest.xml:15:17-113
98                android:value="com.google.firebase.components.ComponentRegistrar" />
98-->[com.google.firebase:firebase-common-ktx:20.3.2] AndroidManifest.xml:16:17-82
99            <meta-data
99-->[com.google.firebase:firebase-auth:22.0.0] AndroidManifest.xml:69:13-71:85
100                android:name="com.google.firebase.components:com.google.firebase.auth.FirebaseAuthRegistrar"
100-->[com.google.firebase:firebase-auth:22.0.0] AndroidManifest.xml:70:17-109
101                android:value="com.google.firebase.components.ComponentRegistrar" />
101-->[com.google.firebase:firebase-auth:22.0.0] AndroidManifest.xml:71:17-82
102            <meta-data
102-->[com.google.firebase:firebase-firestore:24.6.0] AndroidManifest.xml:19:13-21:85
103                android:name="com.google.firebase.components:com.google.firebase.firestore.FirestoreRegistrar"
103-->[com.google.firebase:firebase-firestore:24.6.0] AndroidManifest.xml:20:17-111
104                android:value="com.google.firebase.components.ComponentRegistrar" />
104-->[com.google.firebase:firebase-firestore:24.6.0] AndroidManifest.xml:21:17-82
105            <meta-data
105-->[com.google.firebase:firebase-iid:21.1.0] AndroidManifest.xml:32:13-34:85
106                android:name="com.google.firebase.components:com.google.firebase.iid.Registrar"
106-->[com.google.firebase:firebase-iid:21.1.0] AndroidManifest.xml:33:17-96
107                android:value="com.google.firebase.components.ComponentRegistrar" />
107-->[com.google.firebase:firebase-iid:21.1.0] AndroidManifest.xml:34:17-82
108            <meta-data
108-->[com.google.firebase:firebase-messaging:23.1.2] AndroidManifest.xml:55:13-57:85
109                android:name="com.google.firebase.components:com.google.firebase.messaging.FirebaseMessagingRegistrar"
109-->[com.google.firebase:firebase-messaging:23.1.2] AndroidManifest.xml:56:17-119
110                android:value="com.google.firebase.components.ComponentRegistrar" />
110-->[com.google.firebase:firebase-messaging:23.1.2] AndroidManifest.xml:57:17-82
111            <meta-data
111-->[com.google.android.gms:play-services-measurement-api:21.2.2] AndroidManifest.xml:31:13-33:85
112                android:name="com.google.firebase.components:com.google.firebase.analytics.connector.internal.AnalyticsConnectorRegistrar"
112-->[com.google.android.gms:play-services-measurement-api:21.2.2] AndroidManifest.xml:32:17-139
113                android:value="com.google.firebase.components.ComponentRegistrar" />
113-->[com.google.android.gms:play-services-measurement-api:21.2.2] AndroidManifest.xml:33:17-82
114            <meta-data
114-->[com.google.firebase:firebase-installations:17.1.3] AndroidManifest.xml:17:13-19:85
115                android:name="com.google.firebase.components:com.google.firebase.installations.FirebaseInstallationsRegistrar"
115-->[com.google.firebase:firebase-installations:17.1.3] AndroidManifest.xml:18:17-127
116                android:value="com.google.firebase.components.ComponentRegistrar" />
116-->[com.google.firebase:firebase-installations:17.1.3] AndroidManifest.xml:19:17-82
117            <meta-data
117-->[com.google.firebase:firebase-datatransport:18.1.7] AndroidManifest.xml:27:13-29:85
118                android:name="com.google.firebase.components:com.google.firebase.datatransport.TransportRegistrar"
118-->[com.google.firebase:firebase-datatransport:18.1.7] AndroidManifest.xml:28:17-115
119                android:value="com.google.firebase.components.ComponentRegistrar" />
119-->[com.google.firebase:firebase-datatransport:18.1.7] AndroidManifest.xml:29:17-82
120        </service>
121        <service
121-->[:firebase_messaging] AndroidManifest.xml:16:9-19:72
122            android:name="io.flutter.plugins.firebase.messaging.FlutterFirebaseMessagingBackgroundService"
122-->[:firebase_messaging] AndroidManifest.xml:17:13-107
123            android:exported="false"
123-->[:firebase_messaging] AndroidManifest.xml:18:13-37
124            android:permission="android.permission.BIND_JOB_SERVICE" />
124-->[:firebase_messaging] AndroidManifest.xml:19:13-69
125        <service
125-->[:firebase_messaging] AndroidManifest.xml:20:9-26:19
126            android:name="io.flutter.plugins.firebase.messaging.FlutterFirebaseMessagingService"
126-->[:firebase_messaging] AndroidManifest.xml:21:13-97
127            android:exported="false" >
127-->[:firebase_messaging] AndroidManifest.xml:22:13-37
128            <intent-filter>
128-->[:firebase_messaging] AndroidManifest.xml:23:13-25:29
129                <action android:name="com.google.firebase.MESSAGING_EVENT" />
129-->[:firebase_messaging] AndroidManifest.xml:24:17-78
129-->[:firebase_messaging] AndroidManifest.xml:24:25-75
130            </intent-filter>
131        </service>
132
133        <receiver
133-->[:firebase_messaging] AndroidManifest.xml:28:9-35:20
134            android:name="io.flutter.plugins.firebase.messaging.FlutterFirebaseMessagingReceiver"
134-->[:firebase_messaging] AndroidManifest.xml:29:13-98
135            android:exported="true"
135-->[:firebase_messaging] AndroidManifest.xml:30:13-36
136            android:permission="com.google.android.c2dm.permission.SEND" >
136-->[:firebase_messaging] AndroidManifest.xml:31:13-73
137            <intent-filter>
137-->[:firebase_messaging] AndroidManifest.xml:32:13-34:29
138                <action android:name="com.google.android.c2dm.intent.RECEIVE" />
138-->[:firebase_messaging] AndroidManifest.xml:33:17-81
138-->[:firebase_messaging] AndroidManifest.xml:33:25-78
139            </intent-filter>
140        </receiver>
141
142        <provider
142-->[:firebase_messaging] AndroidManifest.xml:43:9-47:38
143            android:name="io.flutter.plugins.firebase.messaging.FlutterFirebaseMessagingInitProvider"
143-->[:firebase_messaging] AndroidManifest.xml:44:13-102
144            android:authorities="com.example.famlynk_version1.flutterfirebasemessaginginitprovider"
144-->[:firebase_messaging] AndroidManifest.xml:45:13-88
145            android:exported="false"
145-->[:firebase_messaging] AndroidManifest.xml:46:13-37
146            android:initOrder="99" />
146-->[:firebase_messaging] AndroidManifest.xml:47:13-35
147        <provider
147-->[:image_picker_android] AndroidManifest.xml:10:9-18:20
148            android:name="io.flutter.plugins.imagepicker.ImagePickerFileProvider"
148-->[:image_picker_android] AndroidManifest.xml:11:13-82
149            android:authorities="com.example.famlynk_version1.flutter.image_provider"
149-->[:image_picker_android] AndroidManifest.xml:12:13-74
150            android:exported="false"
150-->[:image_picker_android] AndroidManifest.xml:13:13-37
151            android:grantUriPermissions="true" >
151-->[:image_picker_android] AndroidManifest.xml:14:13-47
152            <meta-data
152-->[:image_picker_android] AndroidManifest.xml:15:13-17:75
153                android:name="android.support.FILE_PROVIDER_PATHS"
153-->[:image_picker_android] AndroidManifest.xml:16:17-67
154                android:resource="@xml/flutter_image_picker_file_paths" />
154-->[:image_picker_android] AndroidManifest.xml:17:17-72
155        </provider>
156
157        <activity
157-->[:url_launcher_android] AndroidManifest.xml:10:9-13:74
158            android:name="io.flutter.plugins.urllauncher.WebViewActivity"
158-->[:url_launcher_android] AndroidManifest.xml:11:13-74
159            android:exported="false"
159-->[:url_launcher_android] AndroidManifest.xml:12:13-37
160            android:theme="@android:style/Theme.NoTitleBar.Fullscreen" />
160-->[:url_launcher_android] AndroidManifest.xml:13:13-71
161        <activity
161-->[com.google.firebase:firebase-auth:22.0.0] AndroidManifest.xml:29:9-46:20
162            android:name="com.google.firebase.auth.internal.GenericIdpActivity"
162-->[com.google.firebase:firebase-auth:22.0.0] AndroidManifest.xml:30:13-80
163            android:excludeFromRecents="true"
163-->[com.google.firebase:firebase-auth:22.0.0] AndroidManifest.xml:31:13-46
164            android:exported="true"
164-->[com.google.firebase:firebase-auth:22.0.0] AndroidManifest.xml:32:13-36
165            android:launchMode="singleTask"
165-->[com.google.firebase:firebase-auth:22.0.0] AndroidManifest.xml:33:13-44
166            android:theme="@android:style/Theme.Translucent.NoTitleBar" >
166-->[com.google.firebase:firebase-auth:22.0.0] AndroidManifest.xml:34:13-72
167            <intent-filter>
167-->[com.google.firebase:firebase-auth:22.0.0] AndroidManifest.xml:35:13-45:29
168                <action android:name="android.intent.action.VIEW" />
168-->[com.google.firebase:firebase-auth:22.0.0] AndroidManifest.xml:36:17-69
168-->[com.google.firebase:firebase-auth:22.0.0] AndroidManifest.xml:36:25-66
169
170                <category android:name="android.intent.category.DEFAULT" />
170-->[com.google.firebase:firebase-auth:22.0.0] AndroidManifest.xml:38:17-76
170-->[com.google.firebase:firebase-auth:22.0.0] AndroidManifest.xml:38:27-73
171                <category android:name="android.intent.category.BROWSABLE" />
171-->[com.google.firebase:firebase-auth:22.0.0] AndroidManifest.xml:39:17-78
171-->[com.google.firebase:firebase-auth:22.0.0] AndroidManifest.xml:39:27-75
172
173                <data
173-->[:file_picker] AndroidManifest.xml:15:13-44
174                    android:host="firebase.auth"
175                    android:path="/"
176                    android:scheme="genericidp" />
177            </intent-filter>
178        </activity>
179        <activity
179-->[com.google.firebase:firebase-auth:22.0.0] AndroidManifest.xml:47:9-64:20
180            android:name="com.google.firebase.auth.internal.RecaptchaActivity"
180-->[com.google.firebase:firebase-auth:22.0.0] AndroidManifest.xml:48:13-79
181            android:excludeFromRecents="true"
181-->[com.google.firebase:firebase-auth:22.0.0] AndroidManifest.xml:49:13-46
182            android:exported="true"
182-->[com.google.firebase:firebase-auth:22.0.0] AndroidManifest.xml:50:13-36
183            android:launchMode="singleTask"
183-->[com.google.firebase:firebase-auth:22.0.0] AndroidManifest.xml:51:13-44
184            android:theme="@android:style/Theme.Translucent.NoTitleBar" >
184-->[com.google.firebase:firebase-auth:22.0.0] AndroidManifest.xml:52:13-72
185            <intent-filter>
185-->[com.google.firebase:firebase-auth:22.0.0] AndroidManifest.xml:53:13-63:29
186                <action android:name="android.intent.action.VIEW" />
186-->[com.google.firebase:firebase-auth:22.0.0] AndroidManifest.xml:36:17-69
186-->[com.google.firebase:firebase-auth:22.0.0] AndroidManifest.xml:36:25-66
187
188                <category android:name="android.intent.category.DEFAULT" />
188-->[com.google.firebase:firebase-auth:22.0.0] AndroidManifest.xml:38:17-76
188-->[com.google.firebase:firebase-auth:22.0.0] AndroidManifest.xml:38:27-73
189                <category android:name="android.intent.category.BROWSABLE" />
189-->[com.google.firebase:firebase-auth:22.0.0] AndroidManifest.xml:39:17-78
189-->[com.google.firebase:firebase-auth:22.0.0] AndroidManifest.xml:39:27-75
190
191                <data
191-->[:file_picker] AndroidManifest.xml:15:13-44
192                    android:host="firebase.auth"
193                    android:path="/"
194                    android:scheme="recaptcha" />
195            </intent-filter>
196        </activity>
197
198        <receiver
198-->[com.google.firebase:firebase-messaging:23.1.2] AndroidManifest.xml:31:9-38:20
199            android:name="com.google.firebase.iid.FirebaseInstanceIdReceiver"
199-->[com.google.firebase:firebase-messaging:23.1.2] AndroidManifest.xml:32:13-78
200            android:exported="true"
200-->[com.google.firebase:firebase-messaging:23.1.2] AndroidManifest.xml:33:13-36
201            android:permission="com.google.android.c2dm.permission.SEND" >
201-->[com.google.firebase:firebase-messaging:23.1.2] AndroidManifest.xml:34:13-73
202            <intent-filter>
202-->[:firebase_messaging] AndroidManifest.xml:32:13-34:29
203                <action android:name="com.google.android.c2dm.intent.RECEIVE" />
203-->[:firebase_messaging] AndroidManifest.xml:33:17-81
203-->[:firebase_messaging] AndroidManifest.xml:33:25-78
204            </intent-filter>
205        </receiver>
206        <!--
207             FirebaseMessagingService performs security checks at runtime,
208             but set to not exported to explicitly avoid allowing another app to call it.
209        -->
210        <service
210-->[com.google.firebase:firebase-messaging:23.1.2] AndroidManifest.xml:44:9-51:19
211            android:name="com.google.firebase.messaging.FirebaseMessagingService"
211-->[com.google.firebase:firebase-messaging:23.1.2] AndroidManifest.xml:45:13-82
212            android:directBootAware="true"
212-->[com.google.firebase:firebase-messaging:23.1.2] AndroidManifest.xml:46:13-43
213            android:exported="false" >
213-->[com.google.firebase:firebase-messaging:23.1.2] AndroidManifest.xml:47:13-37
214            <intent-filter android:priority="-500" >
214-->[:firebase_messaging] AndroidManifest.xml:23:13-25:29
215                <action android:name="com.google.firebase.MESSAGING_EVENT" />
215-->[:firebase_messaging] AndroidManifest.xml:24:17-78
215-->[:firebase_messaging] AndroidManifest.xml:24:25-75
216            </intent-filter>
217        </service>
218
219        <provider
219-->[com.google.firebase:firebase-common:20.3.2] AndroidManifest.xml:25:9-30:39
220            android:name="com.google.firebase.provider.FirebaseInitProvider"
220-->[com.google.firebase:firebase-common:20.3.2] AndroidManifest.xml:26:13-77
221            android:authorities="com.example.famlynk_version1.firebaseinitprovider"
221-->[com.google.firebase:firebase-common:20.3.2] AndroidManifest.xml:27:13-72
222            android:directBootAware="true"
222-->[com.google.firebase:firebase-common:20.3.2] AndroidManifest.xml:28:13-43
223            android:exported="false"
223-->[com.google.firebase:firebase-common:20.3.2] AndroidManifest.xml:29:13-37
224            android:initOrder="100" />
224-->[com.google.firebase:firebase-common:20.3.2] AndroidManifest.xml:30:13-36
225
226        <activity
226-->[com.google.android.gms:play-services-base:18.0.1] AndroidManifest.xml:20:9-22:45
227            android:name="com.google.android.gms.common.api.GoogleApiActivity"
227-->[com.google.android.gms:play-services-base:18.0.1] AndroidManifest.xml:20:19-85
228            android:exported="false"
228-->[com.google.android.gms:play-services-base:18.0.1] AndroidManifest.xml:22:19-43
229            android:theme="@android:style/Theme.Translucent.NoTitleBar" />
229-->[com.google.android.gms:play-services-base:18.0.1] AndroidManifest.xml:21:19-78
230
231        <receiver
231-->[com.google.android.gms:play-services-measurement:21.2.2] AndroidManifest.xml:29:9-33:20
232            android:name="com.google.android.gms.measurement.AppMeasurementReceiver"
232-->[com.google.android.gms:play-services-measurement:21.2.2] AndroidManifest.xml:30:13-85
233            android:enabled="true"
233-->[com.google.android.gms:play-services-measurement:21.2.2] AndroidManifest.xml:31:13-35
234            android:exported="false" >
234-->[com.google.android.gms:play-services-measurement:21.2.2] AndroidManifest.xml:32:13-37
235        </receiver>
236
237        <service
237-->[com.google.android.gms:play-services-measurement:21.2.2] AndroidManifest.xml:35:9-38:40
238            android:name="com.google.android.gms.measurement.AppMeasurementService"
238-->[com.google.android.gms:play-services-measurement:21.2.2] AndroidManifest.xml:36:13-84
239            android:enabled="true"
239-->[com.google.android.gms:play-services-measurement:21.2.2] AndroidManifest.xml:37:13-35
240            android:exported="false" />
240-->[com.google.android.gms:play-services-measurement:21.2.2] AndroidManifest.xml:38:13-37
241        <service
241-->[com.google.android.gms:play-services-measurement:21.2.2] AndroidManifest.xml:39:9-43:72
242            android:name="com.google.android.gms.measurement.AppMeasurementJobService"
242-->[com.google.android.gms:play-services-measurement:21.2.2] AndroidManifest.xml:40:13-87
243            android:enabled="true"
243-->[com.google.android.gms:play-services-measurement:21.2.2] AndroidManifest.xml:41:13-35
244            android:exported="false"
244-->[com.google.android.gms:play-services-measurement:21.2.2] AndroidManifest.xml:42:13-37
245            android:permission="android.permission.BIND_JOB_SERVICE" />
245-->[com.google.android.gms:play-services-measurement:21.2.2] AndroidManifest.xml:43:13-69
246
247        <meta-data
247-->[com.google.android.gms:play-services-basement:18.1.0] AndroidManifest.xml:21:9-23:69
248            android:name="com.google.android.gms.version"
248-->[com.google.android.gms:play-services-basement:18.1.0] AndroidManifest.xml:22:13-58
249            android:value="@integer/google_play_services_version" />
249-->[com.google.android.gms:play-services-basement:18.1.0] AndroidManifest.xml:23:13-66
250
251        <uses-library
251-->[androidx.window:window:1.0.0-beta04] AndroidManifest.xml:25:9-27:40
252            android:name="androidx.window.extensions"
252-->[androidx.window:window:1.0.0-beta04] AndroidManifest.xml:26:13-54
253            android:required="false" />
253-->[androidx.window:window:1.0.0-beta04] AndroidManifest.xml:27:13-37
254        <uses-library
254-->[androidx.window:window:1.0.0-beta04] AndroidManifest.xml:28:9-30:40
255            android:name="androidx.window.sidecar"
255-->[androidx.window:window:1.0.0-beta04] AndroidManifest.xml:29:13-51
256            android:required="false" />
256-->[androidx.window:window:1.0.0-beta04] AndroidManifest.xml:30:13-37
257
258        <service
258-->[com.google.android.datatransport:transport-backend-cct:3.1.8] AndroidManifest.xml:28:9-34:19
259            android:name="com.google.android.datatransport.runtime.backends.TransportBackendDiscovery"
259-->[com.google.android.datatransport:transport-backend-cct:3.1.8] AndroidManifest.xml:29:13-103
260            android:exported="false" >
260-->[com.google.android.datatransport:transport-backend-cct:3.1.8] AndroidManifest.xml:30:13-37
261            <meta-data
261-->[com.google.android.datatransport:transport-backend-cct:3.1.8] AndroidManifest.xml:31:13-33:39
262                android:name="backend:com.google.android.datatransport.cct.CctBackendFactory"
262-->[com.google.android.datatransport:transport-backend-cct:3.1.8] AndroidManifest.xml:32:17-94
263                android:value="cct" />
263-->[com.google.android.datatransport:transport-backend-cct:3.1.8] AndroidManifest.xml:33:17-36
264        </service>
265        <service
265-->[com.google.android.datatransport:transport-runtime:3.1.8] AndroidManifest.xml:26:9-30:19
266            android:name="com.google.android.datatransport.runtime.scheduling.jobscheduling.JobInfoSchedulerService"
266-->[com.google.android.datatransport:transport-runtime:3.1.8] AndroidManifest.xml:27:13-117
267            android:exported="false"
267-->[com.google.android.datatransport:transport-runtime:3.1.8] AndroidManifest.xml:28:13-37
268            android:permission="android.permission.BIND_JOB_SERVICE" >
268-->[com.google.android.datatransport:transport-runtime:3.1.8] AndroidManifest.xml:29:13-69
269        </service>
270
271        <receiver
271-->[com.google.android.datatransport:transport-runtime:3.1.8] AndroidManifest.xml:32:9-34:40
272            android:name="com.google.android.datatransport.runtime.scheduling.jobscheduling.AlarmManagerSchedulerBroadcastReceiver"
272-->[com.google.android.datatransport:transport-runtime:3.1.8] AndroidManifest.xml:33:13-132
273            android:exported="false" />
273-->[com.google.android.datatransport:transport-runtime:3.1.8] AndroidManifest.xml:34:13-37
274
275        <provider
275-->[androidx.profileinstaller:profileinstaller:1.3.0] AndroidManifest.xml:24:9-32:20
276            android:name="androidx.startup.InitializationProvider"
276-->[androidx.profileinstaller:profileinstaller:1.3.0] AndroidManifest.xml:25:13-67
277            android:authorities="com.example.famlynk_version1.androidx-startup"
277-->[androidx.profileinstaller:profileinstaller:1.3.0] AndroidManifest.xml:26:13-68
278            android:exported="false" >
278-->[androidx.profileinstaller:profileinstaller:1.3.0] AndroidManifest.xml:27:13-37
279            <meta-data
279-->[androidx.profileinstaller:profileinstaller:1.3.0] AndroidManifest.xml:29:13-31:52
280                android:name="androidx.profileinstaller.ProfileInstallerInitializer"
280-->[androidx.profileinstaller:profileinstaller:1.3.0] AndroidManifest.xml:30:17-85
281                android:value="androidx.startup" />
281-->[androidx.profileinstaller:profileinstaller:1.3.0] AndroidManifest.xml:31:17-49
282        </provider>
283
284        <receiver
284-->[androidx.profileinstaller:profileinstaller:1.3.0] AndroidManifest.xml:34:9-52:20
285            android:name="androidx.profileinstaller.ProfileInstallReceiver"
285-->[androidx.profileinstaller:profileinstaller:1.3.0] AndroidManifest.xml:35:13-76
286            android:directBootAware="false"
286-->[androidx.profileinstaller:profileinstaller:1.3.0] AndroidManifest.xml:36:13-44
287            android:enabled="true"
287-->[androidx.profileinstaller:profileinstaller:1.3.0] AndroidManifest.xml:37:13-35
288            android:exported="true"
288-->[androidx.profileinstaller:profileinstaller:1.3.0] AndroidManifest.xml:38:13-36
289            android:permission="android.permission.DUMP" >
289-->[androidx.profileinstaller:profileinstaller:1.3.0] AndroidManifest.xml:39:13-57
290            <intent-filter>